<?xml version="1.0" encoding="utf-8"?><testsuites name="pytest tests"><testsuite name="pytest" errors="0" failures="0" skipped="0" tests="12" time="5.113" timestamp="2026-02-27T14:55:13.757344+00:00" hostname="agent-env-0a6b53fb-6e68-4120-8fa2-5f85add32516"><testcase classname="tests.test_lote2_features.TestFileUploadDownload" name="test_upload_file_requires_auth" time="0.328" /><testcase classname="tests.test_lote2_features.TestFileUploadDownload" name="test_upload_file_success" time="0.825" /><testcase classname="tests.test_lote2_features.TestFileUploadDownload" name="test_upload_file_rejects_invalid_type" time="0.156" /><testcase classname="tests.test_lote2_features.TestFileUploadDownload" name="test_download_file_requires_auth" time="0.130" /><testcase classname="tests.test_lote2_features.TestFileUploadDownload" name="test_download_file_with_query_token" time="0.360" /><testcase classname="tests.test_lote2_features.TestFileUploadDownload" name="test_download_file_with_header_token" time="0.344" /><testcase classname="tests.test_lote2_features.TestWorkoutObservations" name="test_update_workout_with_observations" time="0.985" /><testcase classname="tests.test_lote2_features.TestWorkoutObservations" name="test_get_workout_returns_observations" time="0.139" /><testcase classname="tests.test_lote2_features.TestWorkoutObservations" name="test_list_workouts_returns_observations" time="0.153" /><testcase classname="tests.test_lote2_features.TestRestTimerWorkoutSetup" name="test_create_workout_with_rest_time" time="0.446" /><testcase classname="tests.test_lote2_features.TestRestTimerWorkoutSetup" name="test_get_athlete_workouts_for_timer_test" time="0.465" /><testcase classname="tests.test_lote2_features.TestCleanup" name="test_cleanup_test_workouts" time="0.752" /></testsuite></testsuites>