<?xml version="1.0" encoding="utf-8"?><testsuites name="pytest tests"><testsuite name="pytest" errors="0" failures="0" skipped="0" tests="9" time="2.707" timestamp="2026-02-27T14:32:03.300081+00:00" hostname="agent-env-0a6b53fb-6e68-4120-8fa2-5f85add32516"><testcase classname="backend.tests.test_lote1_features.TestExerciseNotesField" name="test_create_workout_with_exercise_notes" time="1.186" /><testcase classname="backend.tests.test_lote1_features.TestExerciseNotesField" name="test_update_workout_preserves_exercise_notes" time="0.206" /><testcase classname="backend.tests.test_lote1_features.TestExerciseReordering" name="test_update_workout_reorders_exercises" time="0.201" /><testcase classname="backend.tests.test_lote1_features.TestPhysicalTestsUpdateDelete" name="test_update_test_value_unit_notes" time="0.187" /><testcase classname="backend.tests.test_lote1_features.TestPhysicalTestsUpdateDelete" name="test_delete_test" time="0.225" /><testcase classname="backend.tests.test_lote1_features.TestPhysicalTestsUpdateDelete" name="test_delete_nonexistent_test" time="0.065" /><testcase classname="backend.tests.test_lote1_features.TestBilateralTests" name="test_create_bilateral_test" time="0.053" /><testcase classname="backend.tests.test_lote1_features.TestBilateralTests" name="test_update_bilateral_test_values" time="0.232" /><testcase classname="backend.tests.test_lote1_features.TestUpdateTestNotFound" name="test_update_nonexistent_test" time="0.309" /></testsuite></testsuites>