<?xml version="1.0" encoding="utf-8"?><testsuites name="pytest tests"><testsuite name="pytest" errors="0" failures="0" skipped="0" tests="13" time="2.949" timestamp="2026-02-24T19:49:50.972959+00:00" hostname="agent-env-52c0abe8-055b-4cb5-a96e-b8fdebd4ddd6"><testcase classname="tests.test_profile_settings_api.TestProfileAPI" name="test_update_profile_name" time="0.579" /><testcase classname="tests.test_profile_settings_api.TestProfileAPI" name="test_update_profile_empty_data" time="0.088" /><testcase classname="tests.test_profile_settings_api.TestProfileAPI" name="test_update_profile_unauthorized" time="0.061" /><testcase classname="tests.test_profile_settings_api.TestSettingsAPI" name="test_get_settings_default" time="0.071" /><testcase classname="tests.test_profile_settings_api.TestSettingsAPI" name="test_update_settings_notification" time="0.114" /><testcase classname="tests.test_profile_settings_api.TestSettingsAPI" name="test_update_settings_weight_unit" time="0.055" /><testcase classname="tests.test_profile_settings_api.TestSettingsAPI" name="test_update_settings_height_unit" time="0.058" /><testcase classname="tests.test_profile_settings_api.TestSettingsAPI" name="test_update_settings_language" time="0.055" /><testcase classname="tests.test_profile_settings_api.TestSettingsAPI" name="test_update_settings_multiple_fields" time="0.055" /><testcase classname="tests.test_profile_settings_api.TestSettingsAPI" name="test_update_settings_unauthorized" time="0.052" /><testcase classname="tests.test_profile_settings_api.TestPasswordChange" name="test_change_password_success" time="1.350" /><testcase classname="tests.test_profile_settings_api.TestPasswordChange" name="test_change_password_wrong_current" time="0.281" /><testcase classname="tests.test_profile_settings_api.TestPasswordChange" name="test_change_password_unauthorized" time="0.100" /></testsuite></testsuites>