<?xml version="1.0" encoding="utf-8"?><testsuites name="pytest tests"><testsuite name="pytest" errors="0" failures="0" skipped="0" tests="23" time="4.964" timestamp="2026-02-24T19:16:15.759043+00:00" hostname="agent-env-52c0abe8-055b-4cb5-a96e-b8fdebd4ddd6"><testcase classname="tests.test_analytics_api.TestAnalyticsAPI" name="test_get_analytics_summary" time="1.217" /><testcase classname="tests.test_analytics_api.TestAnalyticsAPI" name="test_get_analytics_summary_requires_auth" time="0.084" /><testcase classname="tests.test_athletes_api.TestAthletesCRUD" name="test_create_athlete_success" time="0.409" /><testcase classname="tests.test_athletes_api.TestAthletesCRUD" name="test_create_athlete_duplicate_email_fails" time="0.071" /><testcase classname="tests.test_athletes_api.TestAthletesCRUD" name="test_list_athletes_for_trainer" time="0.083" /><testcase classname="tests.test_athletes_api.TestAthletesCRUD" name="test_create_athlete_requires_auth" time="0.098" /><testcase classname="tests.test_auth_api.TestAuthRegister" name="test_register_new_trainer_success" time="0.331" /><testcase classname="tests.test_auth_api.TestAuthRegister" name="test_register_duplicate_email_fails" time="0.178" /><testcase classname="tests.test_auth_api.TestAuthLogin" name="test_login_valid_credentials" time="0.323" /><testcase classname="tests.test_auth_api.TestAuthLogin" name="test_login_invalid_password" time="0.311" /><testcase classname="tests.test_auth_api.TestAuthLogin" name="test_login_nonexistent_user" time="0.066" /><testcase classname="tests.test_auth_api.TestAuthMe" name="test_get_current_user_with_valid_token" time="0.109" /><testcase classname="tests.test_auth_api.TestAuthMe" name="test_get_current_user_without_token" time="0.099" /><testcase classname="tests.test_auth_api.TestAuthMe" name="test_get_current_user_with_invalid_token" time="0.061" /><testcase classname="tests.test_tests_api.TestPhysicalTestsCRUD" name="test_create_strength_test" time="0.391" /><testcase classname="tests.test_tests_api.TestPhysicalTestsCRUD" name="test_create_plyometric_test" time="0.087" /><testcase classname="tests.test_tests_api.TestPhysicalTestsCRUD" name="test_list_tests" time="0.072" /><testcase classname="tests.test_tests_api.TestPhysicalTestsCRUD" name="test_list_tests_filtered_by_athlete" time="0.058" /><testcase classname="tests.test_tests_api.TestPhysicalTestsCRUD" name="test_create_test_requires_auth" time="0.078" /><testcase classname="tests.test_workouts_api.TestWorkoutsCRUD" name="test_create_workout_success" time="0.435" /><testcase classname="tests.test_workouts_api.TestWorkoutsCRUD" name="test_list_workouts" time="0.079" /><testcase classname="tests.test_workouts_api.TestWorkoutsCRUD" name="test_update_workout_complete" time="0.199" /><testcase classname="tests.test_workouts_api.TestWorkoutsCRUD" name="test_create_workout_requires_auth" time="0.068" /></testsuite></testsuites>