<?xml version="1.0" encoding="utf-8"?><testsuites name="pytest tests"><testsuite name="pytest" errors="0" failures="0" skipped="0" tests="39" time="8.497" timestamp="2026-02-24T20:03:02.341632+00:00" hostname="agent-env-52c0abe8-055b-4cb5-a96e-b8fdebd4ddd6"><testcase classname="tests.test_analytics_api.TestAnalyticsAPI" name="test_get_analytics_summary" time="1.379" /><testcase classname="tests.test_analytics_api.TestAnalyticsAPI" name="test_get_analytics_summary_requires_auth" time="0.081" /><testcase classname="tests.test_athletes_api.TestAthletesCRUD" name="test_create_athlete_success" time="0.361" /><testcase classname="tests.test_athletes_api.TestAthletesCRUD" name="test_create_athlete_duplicate_email_fails" time="0.053" /><testcase classname="tests.test_athletes_api.TestAthletesCRUD" name="test_list_athletes_for_trainer" time="0.079" /><testcase classname="tests.test_athletes_api.TestAthletesCRUD" name="test_create_athlete_requires_auth" time="0.078" /><testcase classname="tests.test_auth_api.TestAuthRegister" name="test_register_new_trainer_success" time="0.324" /><testcase classname="tests.test_auth_api.TestAuthRegister" name="test_register_duplicate_email_fails" time="0.104" /><testcase classname="tests.test_auth_api.TestAuthLogin" name="test_login_valid_credentials" time="0.313" /><testcase classname="tests.test_auth_api.TestAuthLogin" name="test_login_invalid_password" time="0.351" /><testcase classname="tests.test_auth_api.TestAuthLogin" name="test_login_nonexistent_user" time="0.107" /><testcase classname="tests.test_auth_api.TestAuthMe" name="test_get_current_user_with_valid_token" time="0.119" /><testcase classname="tests.test_auth_api.TestAuthMe" name="test_get_current_user_without_token" time="0.075" /><testcase classname="tests.test_auth_api.TestAuthMe" name="test_get_current_user_with_invalid_token" time="0.060" /><testcase classname="tests.test_profile_settings_api.TestProfileAPI" name="test_update_profile_name" time="0.063" /><testcase classname="tests.test_profile_settings_api.TestProfileAPI" name="test_update_profile_empty_data" time="0.072" /><testcase classname="tests.test_profile_settings_api.TestProfileAPI" name="test_update_profile_unauthorized" time="0.056" /><testcase classname="tests.test_profile_settings_api.TestSettingsAPI" name="test_get_settings_default" time="0.081" /><testcase classname="tests.test_profile_settings_api.TestSettingsAPI" name="test_update_settings_notification" time="0.163" /><testcase classname="tests.test_profile_settings_api.TestSettingsAPI" name="test_update_settings_weight_unit" time="0.059" /><testcase classname="tests.test_profile_settings_api.TestSettingsAPI" name="test_update_settings_height_unit" time="0.072" /><testcase classname="tests.test_profile_settings_api.TestSettingsAPI" name="test_update_settings_language" time="0.071" /><testcase classname="tests.test_profile_settings_api.TestSettingsAPI" name="test_update_settings_multiple_fields" time="0.075" /><testcase classname="tests.test_profile_settings_api.TestSettingsAPI" name="test_update_settings_unauthorized" time="0.070" /><testcase classname="tests.test_profile_settings_api.TestPasswordChange" name="test_change_password_success" time="1.408" /><testcase classname="tests.test_profile_settings_api.TestPasswordChange" name="test_change_password_wrong_current" time="0.296" /><testcase classname="tests.test_profile_settings_api.TestPasswordChange" name="test_change_password_unauthorized" time="0.071" /><testcase classname="tests.test_tests_api.TestPhysicalTestsCRUD" name="test_create_strength_test" time="0.447" /><testcase classname="tests.test_tests_api.TestPhysicalTestsCRUD" name="test_create_plyometric_test" time="0.106" /><testcase classname="tests.test_tests_api.TestPhysicalTestsCRUD" name="test_list_tests" time="0.101" /><testcase classname="tests.test_tests_api.TestPhysicalTestsCRUD" name="test_list_tests_filtered_by_athlete" time="0.067" /><testcase classname="tests.test_tests_api.TestPhysicalTestsCRUD" name="test_create_test_requires_auth" time="0.098" /><testcase classname="tests.test_workouts_api.TestWorkoutsCRUD" name="test_create_workout_success" time="0.523" /><testcase classname="tests.test_workouts_api.TestWorkoutsCRUD" name="test_list_workouts" time="0.067" /><testcase classname="tests.test_workouts_api.TestWorkoutsCRUD" name="test_update_workout_complete" time="0.324" /><testcase classname="tests.test_workouts_api.TestWorkoutsCRUD" name="test_create_workout_requires_auth" time="0.130" /><testcase classname="tests.test_workouts_api.TestCSVWorkouts" name="test_csv_template_download" time="0.119" /><testcase classname="tests.test_workouts_api.TestCSVWorkouts" name="test_csv_upload_groups_by_date" time="0.301" /><testcase classname="tests.test_workouts_api.TestCSVWorkouts" name="test_csv_upload_requires_auth" time="0.129" /></testsuite></testsuites>