<?xml version="1.0" encoding="utf-8"?><testsuites name="pytest tests"><testsuite name="pytest" errors="0" failures="0" skipped="0" tests="7" time="2.108" timestamp="2026-02-24T20:02:50.505224+00:00" hostname="agent-env-52c0abe8-055b-4cb5-a96e-b8fdebd4ddd6"><testcase classname="tests.test_workouts_api.TestWorkoutsCRUD" name="test_create_workout_success" time="1.147" /><testcase classname="tests.test_workouts_api.TestWorkoutsCRUD" name="test_list_workouts" time="0.062" /><testcase classname="tests.test_workouts_api.TestWorkoutsCRUD" name="test_update_workout_complete" time="0.195" /><testcase classname="tests.test_workouts_api.TestWorkoutsCRUD" name="test_create_workout_requires_auth" time="0.067" /><testcase classname="tests.test_workouts_api.TestCSVWorkouts" name="test_csv_template_download" time="0.083" /><testcase classname="tests.test_workouts_api.TestCSVWorkouts" name="test_csv_upload_groups_by_date" time="0.292" /><testcase classname="tests.test_workouts_api.TestCSVWorkouts" name="test_csv_upload_requires_auth" time="0.244" /></testsuite></testsuites>